Using pre-set license
Built from '2020.3/staging' branch; Version is '2020.3.4f1 (0abb6314276a) revision 703331'; Using compiler version '192528614'; Build Type 'Release'
OS: 'Windows 10 Pro; OS build 19042.1052; Version 2009; 64bit' Language: 'en' Physical Memory: 16261 MB
BatchMode: 1, IsHumanControllingUs: 0, StartBugReporterOnCrash: 0, Is64bit: 1, IsPro: 0

 COMMAND LINE ARGUMENTS:
C:\Program Files\Unity\Hub\Editor\2020.3.4f1\Editor\Unity.exe
-adb2
-batchMode
-noUpm
-name
AssetImportWorker0
-projectPath
D:/Documents/Personal Docs/Projects/Personal/Old/Unity (old)/Palmtree Framework v0.1 - Test Build
-logFile
Logs/AssetImportWorker0.log
-srvPort
52405
Successfully changed project path to: D:/Documents/Personal Docs/Projects/Personal/Old/Unity (old)/Palmtree Framework v0.1 - Test Build
D:/Documents/Personal Docs/Projects/Personal/Old/Unity (old)/Palmtree Framework v0.1 - Test Build
Using Asset Import Pipeline V2.
Refreshing native plugins compatible for Editor in 46.82 ms, found 0 plugins.
Preloading 0 native plugins for Editor in 0.00 ms.
Initialize engine version: 2020.3.4f1 (0abb6314276a)
[Subsystems] Discovering subsystems at path C:/Program Files/Unity/Hub/Editor/2020.3.4f1/Editor/Data/Resources/UnitySubsystems
[Subsystems] Discovering subsystems at path D:/Documents/Personal Docs/Projects/Personal/Old/Unity (old)/Palmtree Framework v0.1 - Test Build/Assets
GfxDevice: creating device client; threaded=0
Direct3D:
    Version:  Direct3D 11.0 [level 11.1]
    Renderer: NVIDIA GeForce GTX 1070 (ID=0x1b81)
    Vendor:   
    VRAM:     8088 MB
    Driver:   27.21.14.6089
Initialize mono
Mono path[0] = 'C:/Program Files/Unity/Hub/Editor/2020.3.4f1/Editor/Data/Managed'
Mono path[1] = 'C:/Program Files/Unity/Hub/Editor/2020.3.4f1/Editor/Data/MonoBleedingEdge/lib/mono/unityjit'
Mono config path = 'C:/Program Files/Unity/Hub/Editor/2020.3.4f1/Editor/Data/MonoBleedingEdge/etc'
Using monoOptions --debugger-agent=transport=dt_socket,embedding=1,server=y,suspend=n,address=127.0.0.1:56236
Begin MonoManager ReloadAssembly
Registering precompiled unity dll's ...
Register platform support module: C:/Program Files/Unity/Hub/Editor/2020.3.4f1/Editor/Data/PlaybackEngines/WindowsStandaloneSupport/UnityEditor.WindowsStandalone.Extensions.dll
Registered in 0.003033 seconds.
Native extension for WindowsStandalone target not found
Refreshing native plugins compatible for Editor in 32.66 ms, found 0 plugins.
Preloading 0 native plugins for Editor in 0.00 ms.
Mono: successfully reloaded assembly
- Completed reload, in  2.006 seconds
Platform modules already initialized, skipping
Registering precompiled user dll's ...
Registered in 0.002154 seconds.
Begin MonoManager ReloadAssembly
Native extension for WindowsStandalone target not found
Refreshing native plugins compatible for Editor in 0.52 ms, found 0 plugins.
Preloading 0 native plugins for Editor in 0.00 ms.
Mono: successfully reloaded assembly
- Completed reload, in  0.951 seconds
Platform modules already initialized, skipping
========================================================================
Worker process is ready to serve import requests
Launched and connected shader compiler UnityShaderCompiler.exe after 0.05 seconds
Refreshing native plugins compatible for Editor in 0.44 ms, found 0 plugins.
Preloading 0 native plugins for Editor in 0.00 ms.
Unloading 1527 Unused Serialized files (Serialized files now loaded: 0)
System memory in use before: 85.7 MB.
System memory in use after: 85.8 MB.

Unloading 33 unused Assets to reduce memory usage. Loaded Objects now: 1990.
Total: 2.573300 ms (FindLiveObjects: 0.294100 ms CreateObjectMapping: 0.178000 ms MarkObjects: 1.995900 ms  DeleteObjects: 0.104600 ms)

========================================================================
Received Import Request.
  path: Assets/Scenes/Base.unity
  artifactKey: Guid(655eef2e32f3e3943b0da8a806a83a53) Importer(815301076,1909f56bfc062723c751e8b465ee728b)
Start importing Assets/Scenes/Base.unity using Guid(655eef2e32f3e3943b0da8a806a83a53) Importer(815301076,1909f56bfc062723c751e8b465ee728b)  -> (artifact id: 'a35f8ed2160a97e93de70b6a09327e2b') in 0.011031 seconds
  Import took 0.013625 seconds .

========================================================================
Received Prepare
Registering precompiled user dll's ...
Registered in 0.002253 seconds.
Begin MonoManager ReloadAssembly
Native extension for WindowsStandalone target not found
Refreshing native plugins compatible for Editor in 0.51 ms, found 0 plugins.
Preloading 0 native plugins for Editor in 0.00 ms.
Mono: successfully reloaded assembly
- Completed reload, in  0.852 seconds
Platform modules already initialized, skipping
Switching build target platform(5) subTarget(0) extendedPlatform(0) -> platform(13) subTarget(589824) extendedPlatform(0)
Refreshing native plugins compatible for Editor in 0.52 ms, found 0 plugins.
Preloading 0 native plugins for Editor in 0.00 ms.
Unloading 1499 Unused Serialized files (Serialized files now loaded: 0)
System memory in use before: 81.7 MB.
System memory in use after: 81.8 MB.

Unloading 24 unused Assets to reduce memory usage. Loaded Objects now: 1993.
Total: 2.144400 ms (FindLiveObjects: 0.266500 ms CreateObjectMapping: 0.102600 ms MarkObjects: 1.726200 ms  DeleteObjects: 0.048100 ms)

AssetImportParameters requested are different than current active one (requested -> active):
  custom:graphics/normal-map-encoding: 01000000000000000000000000000000 -> 02000000000000000000000000000000
========================================================================
Received Import Request.
  Time since last request: 249.337116 seconds.
  path: Assets/States/Player
  artifactKey: Guid(5e2549caaf688af4d94644e09e5df863) Importer(815301076,1909f56bfc062723c751e8b465ee728b)
Start importing Assets/States/Player using Guid(5e2549caaf688af4d94644e09e5df863) Importer(815301076,1909f56bfc062723c751e8b465ee728b)  -> (artifact id: 'b2bc851d68abf5ce5b80d4e8d4c25c13') in 0.005415 seconds
  Import took 0.008143 seconds .

========================================================================
Received Import Request.
  Time since last request: 13.368646 seconds.
  path: Assets/States/Camera
  artifactKey: Guid(8ab48155fd531c44e99dac350ff56767) Importer(815301076,1909f56bfc062723c751e8b465ee728b)
Start importing Assets/States/Camera using Guid(8ab48155fd531c44e99dac350ff56767) Importer(815301076,1909f56bfc062723c751e8b465ee728b)  -> (artifact id: '86a1e3ca1f26432d5bcebf4f386c7bec') in 0.002922 seconds
  Import took 0.006310 seconds .

========================================================================
Received Import Request.
  Time since last request: 18.187583 seconds.
  path: Assets/States/Camera/Conditions 1
  artifactKey: Guid(5fd82ffc19f7dd449a2deb60beea0ac7) Importer(815301076,1909f56bfc062723c751e8b465ee728b)
Start importing Assets/States/Camera/Conditions 1 using Guid(5fd82ffc19f7dd449a2deb60beea0ac7) Importer(815301076,1909f56bfc062723c751e8b465ee728b)  -> (artifact id: '359cf1ecbe667063865e567436e0de38') in 0.003376 seconds
  Import took 0.006589 seconds .

========================================================================
Received Import Request.
  Time since last request: 2.165002 seconds.
  path: Assets/States/Camera/Conditions
  artifactKey: Guid(5fd82ffc19f7dd449a2deb60beea0ac7) Importer(815301076,1909f56bfc062723c751e8b465ee728b)
Start importing Assets/States/Camera/Conditions using Guid(5fd82ffc19f7dd449a2deb60beea0ac7) Importer(815301076,1909f56bfc062723c751e8b465ee728b)  -> (artifact id: '42425322126d03fc6eecf656763a9e39') in 0.002794 seconds
  Import took 0.005901 seconds .

========================================================================
Received Import Request.
  Time since last request: 0.040174 seconds.
  path: Assets/States/Camera/Functions 1
  artifactKey: Guid(7b91b92c976ab194f82d7b014f53f33e) Importer(815301076,1909f56bfc062723c751e8b465ee728b)
Start importing Assets/States/Camera/Functions 1 using Guid(7b91b92c976ab194f82d7b014f53f33e) Importer(815301076,1909f56bfc062723c751e8b465ee728b)  -> (artifact id: '136ab76130e8027d63677278b2704d6c') in 0.002906 seconds
  Import took 0.005892 seconds .

========================================================================
Received Import Request.
  Time since last request: 1.982768 seconds.
  path: Assets/States/Camera/Functions
  artifactKey: Guid(7b91b92c976ab194f82d7b014f53f33e) Importer(815301076,1909f56bfc062723c751e8b465ee728b)
Start importing Assets/States/Camera/Functions using Guid(7b91b92c976ab194f82d7b014f53f33e) Importer(815301076,1909f56bfc062723c751e8b465ee728b)  -> (artifact id: '86035005f8efcf4dce98373ac3f8d6d7') in 0.003135 seconds
  Import took 0.006326 seconds .

========================================================================
Received Import Request.
  Time since last request: 0.040032 seconds.
  path: Assets/States/Camera/State_Base 1.asset
  artifactKey: Guid(f9b5f4487ef3aba45983aa39b23a0cbf) Importer(815301076,1909f56bfc062723c751e8b465ee728b)
Start importing Assets/States/Camera/State_Base 1.asset using Guid(f9b5f4487ef3aba45983aa39b23a0cbf) Importer(815301076,1909f56bfc062723c751e8b465ee728b)  -> (artifact id: '6a2886b7f2e69e417fa131d3de83ec38') in 0.041997 seconds
  Import took 0.044815 seconds .

========================================================================
Received Import Request.
  Time since last request: 6.169493 seconds.
  path: Assets/States/Camera/CameraState_Base.asset
  artifactKey: Guid(f9b5f4487ef3aba45983aa39b23a0cbf) Importer(815301076,1909f56bfc062723c751e8b465ee728b)
Start importing Assets/States/Camera/CameraState_Base.asset using Guid(f9b5f4487ef3aba45983aa39b23a0cbf) Importer(815301076,1909f56bfc062723c751e8b465ee728b)  -> (artifact id: '6695aff61575cadc02220ebc2f21639b') in 0.003728 seconds
  Import took 0.006661 seconds .

========================================================================
Received Import Request.
  Time since last request: 5.543496 seconds.
  path: Assets/States/Camera/Functions/ApplyLocalGravityForce.asset
  artifactKey: Guid(456ba42da3e08a04eaae9836c24d2a03) Importer(815301076,1909f56bfc062723c751e8b465ee728b)
Start importing Assets/States/Camera/Functions/ApplyLocalGravityForce.asset using Guid(456ba42da3e08a04eaae9836c24d2a03) Importer(815301076,1909f56bfc062723c751e8b465ee728b)  -> (artifact id: '4c69c83b996d30dbe1b65d3e02c0c0ee') in 0.006282 seconds
  Import took 0.009653 seconds .

========================================================================
Received Import Request.
  Time since last request: 1.070964 seconds.
  path: Assets/States/Camera/Conditions/IsNotGrounded.asset
  artifactKey: Guid(0a2c697b31beca74495a22a8ded6b3d6) Importer(815301076,1909f56bfc062723c751e8b465ee728b)
Start importing Assets/States/Camera/Conditions/IsNotGrounded.asset using Guid(0a2c697b31beca74495a22a8ded6b3d6) Importer(815301076,1909f56bfc062723c751e8b465ee728b)  -> (artifact id: '98278297fa0924d50c441dc5c9ca894c') in 0.006295 seconds
  Import took 0.008995 seconds .

========================================================================
Received Import Request.
  Time since last request: 39.831654 seconds.
  path: Assets/States/Camera/Conditions/CameraFollowTarget.asset
  artifactKey: Guid(ce228eeb991e2e945b6e45f128cdec0a) Importer(815301076,1909f56bfc062723c751e8b465ee728b)
Start importing Assets/States/Camera/Conditions/CameraFollowTarget.asset using Guid(ce228eeb991e2e945b6e45f128cdec0a) Importer(815301076,1909f56bfc062723c751e8b465ee728b)  -> (artifact id: '1f52678bf6e04967d37ae2ce1519eb5a') in 0.006007 seconds
  Import took 0.008979 seconds .

========================================================================
Received Import Request.
  Time since last request: 12.461155 seconds.
  path: Assets/States/Camera/CameraState_Base.asset
  artifactKey: Guid(f9b5f4487ef3aba45983aa39b23a0cbf) Importer(815301076,1909f56bfc062723c751e8b465ee728b)
Start importing Assets/States/Camera/CameraState_Base.asset using Guid(f9b5f4487ef3aba45983aa39b23a0cbf) Importer(815301076,1909f56bfc062723c751e8b465ee728b)  -> (artifact id: '47cba8bbe6a52d4f701d74077e5cf6ed') in 0.005466 seconds
  Import took 0.008183 seconds .

========================================================================
Received Prepare
Registering precompiled user dll's ...
Registered in 0.002153 seconds.
Begin MonoManager ReloadAssembly
Native extension for WindowsStandalone target not found
Refreshing native plugins compatible for Editor in 0.65 ms, found 0 plugins.
Preloading 0 native plugins for Editor in 0.00 ms.
Mono: successfully reloaded assembly
- Completed reload, in  0.858 seconds
Platform modules already initialized, skipping
Switching build target platform(5) subTarget(0) extendedPlatform(0) -> platform(13) subTarget(589824) extendedPlatform(0)
Refreshing native plugins compatible for Editor in 0.51 ms, found 0 plugins.
Preloading 0 native plugins for Editor in 0.00 ms.
Unloading 1499 Unused Serialized files (Serialized files now loaded: 0)
System memory in use before: 81.7 MB.
System memory in use after: 81.8 MB.

Unloading 24 unused Assets to reduce memory usage. Loaded Objects now: 1996.
Total: 1.713300 ms (FindLiveObjects: 0.208100 ms CreateObjectMapping: 0.050300 ms MarkObjects: 1.427500 ms  DeleteObjects: 0.026000 ms)

AssetImportParameters requested are different than current active one (requested -> active):
  custom:graphics/normal-map-encoding: 01000000000000000000000000000000 -> 02000000000000000000000000000000
========================================================================
Received Prepare
Registering precompiled user dll's ...
Registered in 0.002135 seconds.
Begin MonoManager ReloadAssembly
Native extension for WindowsStandalone target not found
Refreshing native plugins compatible for Editor in 0.47 ms, found 0 plugins.
Preloading 0 native plugins for Editor in 0.00 ms.
Mono: successfully reloaded assembly
- Completed reload, in  0.852 seconds
Platform modules already initialized, skipping
Switching build target platform(5) subTarget(0) extendedPlatform(0) -> platform(13) subTarget(589824) extendedPlatform(0)
Refreshing native plugins compatible for Editor in 0.54 ms, found 0 plugins.
Preloading 0 native plugins for Editor in 0.00 ms.
Unloading 1499 Unused Serialized files (Serialized files now loaded: 0)
System memory in use before: 81.7 MB.
System memory in use after: 81.8 MB.

Unloading 24 unused Assets to reduce memory usage. Loaded Objects now: 1999.
Total: 2.557000 ms (FindLiveObjects: 0.272200 ms CreateObjectMapping: 0.143300 ms MarkObjects: 2.102500 ms  DeleteObjects: 0.037500 ms)

AssetImportParameters requested are different than current active one (requested -> active):
  custom:graphics/normal-map-encoding: 01000000000000000000000000000000 -> 02000000000000000000000000000000
========================================================================
Received Prepare
Registering precompiled user dll's ...
Registered in 0.002676 seconds.
Begin MonoManager ReloadAssembly
Native extension for WindowsStandalone target not found
Refreshing native plugins compatible for Editor in 0.71 ms, found 0 plugins.
Preloading 0 native plugins for Editor in 0.00 ms.
Mono: successfully reloaded assembly
- Completed reload, in  1.082 seconds
Platform modules already initialized, skipping
Switching build target platform(5) subTarget(0) extendedPlatform(0) -> platform(13) subTarget(589824) extendedPlatform(0)
Refreshing native plugins compatible for Editor in 0.76 ms, found 0 plugins.
Preloading 0 native plugins for Editor in 0.00 ms.
Unloading 1499 Unused Serialized files (Serialized files now loaded: 0)
System memory in use before: 81.8 MB.
System memory in use after: 81.9 MB.

Unloading 24 unused Assets to reduce memory usage. Loaded Objects now: 2002.
Total: 2.465700 ms (FindLiveObjects: 0.249000 ms CreateObjectMapping: 0.151200 ms MarkObjects: 2.022700 ms  DeleteObjects: 0.041300 ms)

AssetImportParameters requested are different than current active one (requested -> active):
  custom:graphics/normal-map-encoding: 01000000000000000000000000000000 -> 02000000000000000000000000000000
========================================================================
Received Import Request.
  Time since last request: 317.106115 seconds.
  path: Assets/States/Player/Functions/CheckGround.asset
  artifactKey: Guid(c6cd5991a7380b94b9e12968435d7f98) Importer(815301076,1909f56bfc062723c751e8b465ee728b)
Start importing Assets/States/Player/Functions/CheckGround.asset using Guid(c6cd5991a7380b94b9e12968435d7f98) Importer(815301076,1909f56bfc062723c751e8b465ee728b)  -> (artifact id: 'f5cd4f67f6c136bf18f9583a6b569f35') in 0.012350 seconds
  Import took 0.015349 seconds .

========================================================================
Received Import Request.
  Time since last request: 162.650740 seconds.
  path: Assets/States/Camera/Functions/CameraFollowTarget.asset
  artifactKey: Guid(ce228eeb991e2e945b6e45f128cdec0a) Importer(815301076,1909f56bfc062723c751e8b465ee728b)
Start importing Assets/States/Camera/Functions/CameraFollowTarget.asset using Guid(ce228eeb991e2e945b6e45f128cdec0a) Importer(815301076,1909f56bfc062723c751e8b465ee728b)  -> (artifact id: '9ef29dc4842f14270b77a990691e9755') in 0.004113 seconds
  Import took 0.007681 seconds .

========================================================================
Received Prepare
Registering precompiled user dll's ...
Registered in 0.002137 seconds.
Begin MonoManager ReloadAssembly
Native extension for WindowsStandalone target not found
Refreshing native plugins compatible for Editor in 0.55 ms, found 0 plugins.
Preloading 0 native plugins for Editor in 0.00 ms.
Mono: successfully reloaded assembly
- Completed reload, in  0.882 seconds
Platform modules already initialized, skipping
Switching build target platform(5) subTarget(0) extendedPlatform(0) -> platform(13) subTarget(589824) extendedPlatform(0)
Refreshing native plugins compatible for Editor in 0.49 ms, found 0 plugins.
Preloading 0 native plugins for Editor in 0.00 ms.
Unloading 1499 Unused Serialized files (Serialized files now loaded: 0)
System memory in use before: 81.8 MB.
System memory in use after: 81.9 MB.

Unloading 24 unused Assets to reduce memory usage. Loaded Objects now: 2005.
Total: 2.320500 ms (FindLiveObjects: 0.295800 ms CreateObjectMapping: 0.134100 ms MarkObjects: 1.849800 ms  DeleteObjects: 0.039900 ms)

AssetImportParameters requested are different than current active one (requested -> active):
  custom:graphics/normal-map-encoding: 01000000000000000000000000000000 -> 02000000000000000000000000000000
========================================================================
Received Prepare
Registering precompiled user dll's ...
Registered in 0.002702 seconds.
Begin MonoManager ReloadAssembly
Native extension for WindowsStandalone target not found
Refreshing native plugins compatible for Editor in 0.55 ms, found 0 plugins.
Preloading 0 native plugins for Editor in 0.00 ms.
Mono: successfully reloaded assembly
- Completed reload, in  0.935 seconds
Platform modules already initialized, skipping
Switching build target platform(5) subTarget(0) extendedPlatform(0) -> platform(13) subTarget(589824) extendedPlatform(0)
Refreshing native plugins compatible for Editor in 0.50 ms, found 0 plugins.
Preloading 0 native plugins for Editor in 0.00 ms.
Unloading 1499 Unused Serialized files (Serialized files now loaded: 0)
System memory in use before: 81.8 MB.
System memory in use after: 81.9 MB.

Unloading 24 unused Assets to reduce memory usage. Loaded Objects now: 2008.
Total: 1.791400 ms (FindLiveObjects: 0.208800 ms CreateObjectMapping: 0.052200 ms MarkObjects: 1.490300 ms  DeleteObjects: 0.039400 ms)

AssetImportParameters requested are different than current active one (requested -> active):
  custom:graphics/normal-map-encoding: 01000000000000000000000000000000 -> 02000000000000000000000000000000
========================================================================
Received Prepare
Registering precompiled user dll's ...
Registered in 0.002627 seconds.
Begin MonoManager ReloadAssembly
Native extension for WindowsStandalone target not found
Refreshing native plugins compatible for Editor in 0.51 ms, found 0 plugins.
Preloading 0 native plugins for Editor in 0.00 ms.
Mono: successfully reloaded assembly
- Completed reload, in  0.895 seconds
Platform modules already initialized, skipping
Switching build target platform(5) subTarget(0) extendedPlatform(0) -> platform(13) subTarget(589824) extendedPlatform(0)
Refreshing native plugins compatible for Editor in 0.54 ms, found 0 plugins.
Preloading 0 native plugins for Editor in 0.00 ms.
Unloading 1499 Unused Serialized files (Serialized files now loaded: 0)
System memory in use before: 81.8 MB.
System memory in use after: 81.9 MB.

Unloading 24 unused Assets to reduce memory usage. Loaded Objects now: 2011.
Total: 2.082300 ms (FindLiveObjects: 0.207600 ms CreateObjectMapping: 0.050500 ms MarkObjects: 1.774100 ms  DeleteObjects: 0.049300 ms)

AssetImportParameters requested are different than current active one (requested -> active):
  custom:graphics/normal-map-encoding: 01000000000000000000000000000000 -> 02000000000000000000000000000000
========================================================================
Received Prepare
Registering precompiled user dll's ...
Registered in 0.002424 seconds.
Begin MonoManager ReloadAssembly
Native extension for WindowsStandalone target not found
Refreshing native plugins compatible for Editor in 0.54 ms, found 0 plugins.
Preloading 0 native plugins for Editor in 0.00 ms.
Mono: successfully reloaded assembly
- Completed reload, in  0.865 seconds
Platform modules already initialized, skipping
Switching build target platform(5) subTarget(0) extendedPlatform(0) -> platform(13) subTarget(589824) extendedPlatform(0)
Refreshing native plugins compatible for Editor in 0.45 ms, found 0 plugins.
Preloading 0 native plugins for Editor in 0.00 ms.
Unloading 1499 Unused Serialized files (Serialized files now loaded: 0)
System memory in use before: 81.8 MB.
System memory in use after: 81.9 MB.

Unloading 24 unused Assets to reduce memory usage. Loaded Objects now: 2014.
Total: 2.425600 ms (FindLiveObjects: 0.290800 ms CreateObjectMapping: 0.137000 ms MarkObjects: 1.945400 ms  DeleteObjects: 0.051600 ms)

AssetImportParameters requested are different than current active one (requested -> active):
  custom:graphics/normal-map-encoding: 01000000000000000000000000000000 -> 02000000000000000000000000000000
AssetImportWorkerClient::OnTransportError - code=2 error=End of file
