
=== Tue Jan  8 04:56:54 2019

Packages were changed.
Update Mode: updateDependencies

The following packages were added:
  com.unity.collab-proxy@1.2.15
  com.unity.timeline@0.0.0-builtin
  com.unity.xr.legacyinputhelpers@1.0.0
The following packages were updated:
  com.unity.analytics from version 2.0.16 to 3.2.2
  com.unity.package-manager-ui from version 1.9.11 to 0.0.0-builtin

=== Wed Aug 28 23:28:18 2019

Packages were changed.
Update Mode: updateDependencies

The following packages were added:
  com.unity.2d.tilemap@1.0.0
  com.unity.2d.sprite@1.0.0
  com.unity.modules.androidjni@1.0.0
The following packages were updated:
  com.unity.collab-proxy from version 1.2.15 to 1.2.16
  com.unity.package-manager-ui from version 0.0.0-builtin to 2.1.2
  com.unity.purchasing from version 2.0.3 to 2.0.5
  com.unity.timeline from version 0.0.0-builtin to 1.0.0

=== Fri Aug 30 14:30:06 2019

Packages were changed.
Update Mode: updateDependencies

The following packages were updated:
  com.unity.package-manager-ui from version 2.1.2 to 2.2.0
  com.unity.purchasing from version 2.0.5 to 2.0.6

=== Wed Oct  9 17:36:05 2019

Packages were changed.
Update Mode: updateDependencies

The following packages were added:
  com.unity.ide.vscode@1.1.2
  com.unity.ide.rider@1.1.0
  com.unity.ugui@1.0.0
The following packages were updated:
  com.unity.analytics from version 3.2.2 to 3.3.2
  com.unity.probuilder from version 4.0.3 to 4.0.4
  com.unity.timeline from version 1.0.0 to 1.1.0
  com.unity.xr.legacyinputhelpers from version 1.0.0 to 2.0.2

=== Mon Jul  5 04:56:46 2021

Packages were changed.
Update Mode: updateDependencies

The following packages were added:
  com.unity.ide.visualstudio@2.0.7
The following packages were updated:
  com.unity.ads from version 2.0.8 to 3.6.1
  com.unity.analytics from version 3.3.2 to 3.5.3
  com.unity.collab-proxy from version 1.2.16 to 1.3.9
  com.unity.ide.rider from version 1.1.0 to 2.0.7
  com.unity.ide.vscode from version 1.1.2 to 1.2.3
  com.unity.postprocessing from version 2.1.6 to 2.3.0
  com.unity.purchasing from version 2.0.6 to 2.2.2
  com.unity.timeline from version 1.1.0 to 1.4.7
  com.unity.xr.legacyinputhelpers from version 2.0.2 to 2.1.7
The following packages were removed:
  com.unity.package-manager-ui@2.2.0
